<?xml version="1.0" encoding="UTF-8"?>
<testsuite name="me.alessandropetrozzelli.jaus.UniverseTest" tests="6" skipped="0" failures="0" errors="0" timestamp="2016-11-24T23:19:38" hostname="U-PT929-ubuntu" time="0.007">
  <properties/>
  <testcase name="anUniverseCanHostDistinctGuests" classname="me.alessandropetrozzelli.jaus.UniverseTest" time="0.002"/>
  <testcase name="anUniverseDefaultsToEmpty" classname="me.alessandropetrozzelli.jaus.UniverseTest" time="0.0"/>
  <testcase name="anUniverseCanHostAGuest" classname="me.alessandropetrozzelli.jaus.UniverseTest" time="0.0"/>
  <testcase name="anUniverseRejectsNullGuests" classname="me.alessandropetrozzelli.jaus.UniverseTest" time="0.0"/>
  <testcase name="anUniverseCanNotHostAGuestMoreThanOnce" classname="me.alessandropetrozzelli.jaus.UniverseTest" time="0.0"/>
  <testcase name="anUniverseIsNotEmptyOnceAGuestHasBeenAdded" classname="me.alessandropetrozzelli.jaus.UniverseTest" time="0.0"/>
  <system-out><![CDATA[]]></system-out>
  <system-err><![CDATA[]]></system-err>
</testsuite>
